<?xml version="1.0" encoding="UTF-8"?>
<!-- Generated by org.testng.reporters.JUnitXMLReporter -->
<testsuite ignored="0" hostname="DESKTOP-2R54049" failures="0" tests="19" name="Default test" time="24.198" errors="0" timestamp="2024-10-29T03:01:59 EET">
  <testcase classname="ui.testsrequired" name="Testlogin" time="0.341"/>
  <testcase classname="ui.testsrequired" name="Testlogin" time="0.161"/>
  <testcase classname="ui.testsrequired" name="Testlogin" time="5.187"/>
  <testcase classname="ui.testsrequired" name="Testlogin" time="0.149"/>
  <testcase classname="ui.testsrequired" name="Testlogin" time="0.137"/>
  <testcase classname="ui.testsrequired" name="Testlogin" time="0.148"/>
  <testcase classname="ui.testsrequired" name="Testlogin" time="0.122"/>
  <testcase classname="ui.testsrequired" name="Testlogin" time="0.127"/>
  <testcase classname="ui.testsrequired" name="Testlogin" time="0.124"/>
  <testcase classname="ui.testsrequired" name="Testlogin" time="0.121"/>
  <testcase classname="ui.testsrequired" name="Testlogin" time="0.127"/>
  <testcase classname="ui.testsrequired" name="test_products" time="0.842"/>
  <testcase classname="ui.testsrequired" name="test_products" time="0.205"/>
  <testcase classname="ui.testsrequired" name="test_products" time="0.198"/>
  <testcase classname="ui.testsrequired" name="test_products" time="0.139"/>
  <testcase classname="ui.testsrequired" name="test_products" time="0.209"/>
  <testcase classname="ui.testsrequired" name="test_products" time="0.168"/>
  <testcase classname="ui.testsrequired" name="cart_checkout" time="0.294"/>
  <testcase classname="ui.testsrequired" name="test_menu_button" time="13.343"/>
</testsuite> <!-- Default test -->
