<?xml version="1.0" encoding="UTF-8"?>
<testng-results ignored="0" total="19" passed="19" failed="0" skipped="0">
  <reporter-output>
  </reporter-output>
  <suite started-at="2024-10-29T03:01:35 EET" name="Default suite" finished-at="2024-10-29T03:01:59 EET" duration-ms="24198">
    <groups>
    </groups>
    <test started-at="2024-10-29T03:01:35 EET" name="Default test" finished-at="2024-10-29T03:01:59 EET" duration-ms="24198">
      <class name="ui.testsrequired">
        <test-method is-config="true" signature="setup()[pri:0, instance:ui.testsrequired@451001e5]" started-at="2024-10-29T03:01:35 EET" name="setup" finished-at="2024-10-29T03:01:37 EET" duration-ms="1889" status="PASS">
          <reporter-output>
          </reporter-output>
        </test-method> <!-- setup -->
        <test-method signature="Testlogin(java.lang.String,java.lang.String)[pri:1, instance:ui.testsrequired@451001e5]" started-at="2024-10-29T03:01:37 EET" name="Testlogin" description="Test for login pagee" data-provider="loginset" finished-at="2024-10-29T03:01:37 EET" duration-ms="341" status="PASS">
          <params>
            <param index="0">
              <value>
                <![CDATA[locked_out_user]]>
              </value>
            </param>
            <param index="1">
              <value>
                <![CDATA[secret_sauce]]>
              </value>
            </param>
          </params>
          <reporter-output>
          </reporter-output>
        </test-method> <!-- Testlogin -->
        <test-method signature="Testlogin(java.lang.String,java.lang.String)[pri:1, instance:ui.testsrequired@451001e5]" started-at="2024-10-29T03:01:37 EET" name="Testlogin" description="Test for login pagee" data-provider="loginset" finished-at="2024-10-29T03:01:37 EET" duration-ms="161" status="PASS">
          <params>
            <param index="0">
              <value>
                <![CDATA[problem_user]]>
              </value>
            </param>
            <param index="1">
              <value>
                <![CDATA[secret_sauce]]>
              </value>
            </param>
          </params>
          <reporter-output>
          </reporter-output>
        </test-method> <!-- Testlogin -->
        <test-method signature="Testlogin(java.lang.String,java.lang.String)[pri:1, instance:ui.testsrequired@451001e5]" started-at="2024-10-29T03:01:37 EET" name="Testlogin" description="Test for login pagee" data-provider="loginset" finished-at="2024-10-29T03:01:42 EET" duration-ms="5187" status="PASS">
          <params>
            <param index="0">
              <value>
                <![CDATA[performance_glitch_user]]>
              </value>
            </param>
            <param index="1">
              <value>
                <![CDATA[secret_sauce]]>
              </value>
            </param>
          </params>
          <reporter-output>
          </reporter-output>
        </test-method> <!-- Testlogin -->
        <test-method signature="Testlogin(java.lang.String,java.lang.String)[pri:1, instance:ui.testsrequired@451001e5]" started-at="2024-10-29T03:01:42 EET" name="Testlogin" description="Test for login pagee" data-provider="loginset" finished-at="2024-10-29T03:01:42 EET" duration-ms="149" status="PASS">
          <params>
            <param index="0">
              <value>
                <![CDATA[error_user]]>
              </value>
            </param>
            <param index="1">
              <value>
                <![CDATA[secret_sauce]]>
              </value>
            </param>
          </params>
          <reporter-output>
          </reporter-output>
        </test-method> <!-- Testlogin -->
        <test-method signature="Testlogin(java.lang.String,java.lang.String)[pri:1, instance:ui.testsrequired@451001e5]" started-at="2024-10-29T03:01:42 EET" name="Testlogin" description="Test for login pagee" data-provider="loginset" finished-at="2024-10-29T03:01:43 EET" duration-ms="137" status="PASS">
          <params>
            <param index="0">
              <value>
                <![CDATA[visual_user]]>
              </value>
            </param>
            <param index="1">
              <value>
                <![CDATA[secret_sauce]]>
              </value>
            </param>
          </params>
          <reporter-output>
          </reporter-output>
        </test-method> <!-- Testlogin -->
        <test-method signature="Testlogin(java.lang.String,java.lang.String)[pri:1, instance:ui.testsrequired@451001e5]" started-at="2024-10-29T03:01:43 EET" name="Testlogin" description="Test for login pagee" data-provider="loginset" finished-at="2024-10-29T03:01:43 EET" duration-ms="148" status="PASS">
          <params>
            <param index="0">
              <value>
                <![CDATA[wrong]]>
              </value>
            </param>
            <param index="1">
              <value>
                <![CDATA[secret_sauce]]>
              </value>
            </param>
          </params>
          <reporter-output>
          </reporter-output>
        </test-method> <!-- Testlogin -->
        <test-method signature="Testlogin(java.lang.String,java.lang.String)[pri:1, instance:ui.testsrequired@451001e5]" started-at="2024-10-29T03:01:43 EET" name="Testlogin" description="Test for login pagee" data-provider="loginset" finished-at="2024-10-29T03:01:43 EET" duration-ms="122" status="PASS">
          <params>
            <param index="0">
              <value>
                <![CDATA[visual_user]]>
              </value>
            </param>
            <param index="1">
              <value>
                <![CDATA[wrong]]>
              </value>
            </param>
          </params>
          <reporter-output>
          </reporter-output>
        </test-method> <!-- Testlogin -->
        <test-method signature="Testlogin(java.lang.String,java.lang.String)[pri:1, instance:ui.testsrequired@451001e5]" started-at="2024-10-29T03:01:43 EET" name="Testlogin" description="Test for login pagee" data-provider="loginset" finished-at="2024-10-29T03:01:43 EET" duration-ms="127" status="PASS">
          <params>
            <param index="0">
              <value>
                <![CDATA[]]>
              </value>
            </param>
            <param index="1">
              <value>
                <![CDATA[secret_sauce]]>
              </value>
            </param>
          </params>
          <reporter-output>
          </reporter-output>
        </test-method> <!-- Testlogin -->
        <test-method signature="Testlogin(java.lang.String,java.lang.String)[pri:1, instance:ui.testsrequired@451001e5]" started-at="2024-10-29T03:01:43 EET" name="Testlogin" description="Test for login pagee" data-provider="loginset" finished-at="2024-10-29T03:01:43 EET" duration-ms="124" status="PASS">
          <params>
            <param index="0">
              <value>
                <![CDATA[visual_user]]>
              </value>
            </param>
            <param index="1">
              <value>
                <![CDATA[]]>
              </value>
            </param>
          </params>
          <reporter-output>
          </reporter-output>
        </test-method> <!-- Testlogin -->
        <test-method signature="Testlogin(java.lang.String,java.lang.String)[pri:1, instance:ui.testsrequired@451001e5]" started-at="2024-10-29T03:01:43 EET" name="Testlogin" description="Test for login pagee" data-provider="loginset" finished-at="2024-10-29T03:01:43 EET" duration-ms="121" status="PASS">
          <params>
            <param index="0">
              <value>
                <![CDATA[]]>
              </value>
            </param>
            <param index="1">
              <value>
                <![CDATA[]]>
              </value>
            </param>
          </params>
          <reporter-output>
          </reporter-output>
        </test-method> <!-- Testlogin -->
        <test-method signature="Testlogin(java.lang.String,java.lang.String)[pri:1, instance:ui.testsrequired@451001e5]" started-at="2024-10-29T03:01:43 EET" name="Testlogin" description="Test for login pagee" data-provider="loginset" finished-at="2024-10-29T03:01:43 EET" duration-ms="127" status="PASS">
          <params>
            <param index="0">
              <value>
                <![CDATA[standard_user]]>
              </value>
            </param>
            <param index="1">
              <value>
                <![CDATA[secret_sauce]]>
              </value>
            </param>
          </params>
          <reporter-output>
          </reporter-output>
        </test-method> <!-- Testlogin -->
        <test-method signature="test_products(java.lang.String,java.lang.String)[pri:2, instance:ui.testsrequired@451001e5]" started-at="2024-10-29T03:01:43 EET" name="test_products" description="Test for product pagee" data-provider="productset" finished-at="2024-10-29T03:01:44 EET" duration-ms="842" status="PASS">
          <params>
            <param index="0">
              <value>
                <![CDATA[Sauce Labs Onesie]]>
              </value>
            </param>
            <param index="1">
              <value>
                <![CDATA[$7.99]]>
              </value>
            </param>
          </params>
          <reporter-output>
          </reporter-output>
        </test-method> <!-- test_products -->
        <test-method signature="test_products(java.lang.String,java.lang.String)[pri:2, instance:ui.testsrequired@451001e5]" started-at="2024-10-29T03:01:44 EET" name="test_products" description="Test for product pagee" data-provider="productset" finished-at="2024-10-29T03:01:44 EET" duration-ms="205" status="PASS">
          <params>
            <param index="0">
              <value>
                <![CDATA[Sauce Labs Bike Light]]>
              </value>
            </param>
            <param index="1">
              <value>
                <![CDATA[$9.99]]>
              </value>
            </param>
          </params>
          <reporter-output>
          </reporter-output>
        </test-method> <!-- test_products -->
        <test-method signature="test_products(java.lang.String,java.lang.String)[pri:2, instance:ui.testsrequired@451001e5]" started-at="2024-10-29T03:01:44 EET" name="test_products" description="Test for product pagee" data-provider="productset" finished-at="2024-10-29T03:01:45 EET" duration-ms="198" status="PASS">
          <params>
            <param index="0">
              <value>
                <![CDATA[Sauce Labs Bolt T-Shirt]]>
              </value>
            </param>
            <param index="1">
              <value>
                <![CDATA[$15.99]]>
              </value>
            </param>
          </params>
          <reporter-output>
          </reporter-output>
        </test-method> <!-- test_products -->
        <test-method signature="test_products(java.lang.String,java.lang.String)[pri:2, instance:ui.testsrequired@451001e5]" started-at="2024-10-29T03:01:45 EET" name="test_products" description="Test for product pagee" data-provider="productset" finished-at="2024-10-29T03:01:45 EET" duration-ms="139" status="PASS">
          <params>
            <param index="0">
              <value>
                <![CDATA[Test.allTheThings() T-Shirt (Red)]]>
              </value>
            </param>
            <param index="1">
              <value>
                <![CDATA[$15.99]]>
              </value>
            </param>
          </params>
          <reporter-output>
          </reporter-output>
        </test-method> <!-- test_products -->
        <test-method signature="test_products(java.lang.String,java.lang.String)[pri:2, instance:ui.testsrequired@451001e5]" started-at="2024-10-29T03:01:45 EET" name="test_products" description="Test for product pagee" data-provider="productset" finished-at="2024-10-29T03:01:45 EET" duration-ms="209" status="PASS">
          <params>
            <param index="0">
              <value>
                <![CDATA[Sauce Labs Backpack]]>
              </value>
            </param>
            <param index="1">
              <value>
                <![CDATA[$29.99]]>
              </value>
            </param>
          </params>
          <reporter-output>
          </reporter-output>
        </test-method> <!-- test_products -->
        <test-method signature="test_products(java.lang.String,java.lang.String)[pri:2, instance:ui.testsrequired@451001e5]" started-at="2024-10-29T03:01:45 EET" name="test_products" description="Test for product pagee" data-provider="productset" finished-at="2024-10-29T03:01:45 EET" duration-ms="168" status="PASS">
          <params>
            <param index="0">
              <value>
                <![CDATA[Sauce Labs Fleece Jacket]]>
              </value>
            </param>
            <param index="1">
              <value>
                <![CDATA[$49.99]]>
              </value>
            </param>
          </params>
          <reporter-output>
          </reporter-output>
        </test-method> <!-- test_products -->
        <test-method signature="cart_checkout()[pri:3, instance:ui.testsrequired@451001e5]" started-at="2024-10-29T03:01:45 EET" name="cart_checkout" description="Test for checkout  pagee" finished-at="2024-10-29T03:01:45 EET" depends-on-methods="ui.testsrequired.test_products" duration-ms="294" status="PASS">
          <reporter-output>
          </reporter-output>
        </test-method> <!-- cart_checkout -->
        <test-method signature="test_menu_button()[pri:0, instance:ui.testsrequired@451001e5]" started-at="2024-10-29T03:01:45 EET" name="test_menu_button" finished-at="2024-10-29T03:01:59 EET" depends-on-methods="ui.testsrequired.cart_checkout" duration-ms="13343" status="PASS">
          <reporter-output>
          </reporter-output>
        </test-method> <!-- test_menu_button -->
        <test-method is-config="true" signature="teardown()[pri:0, instance:ui.testsrequired@451001e5]" started-at="2024-10-29T03:01:59 EET" name="teardown" finished-at="2024-10-29T03:01:59 EET" duration-ms="120" status="PASS">
          <reporter-output>
          </reporter-output>
        </test-method> <!-- teardown -->
      </class> <!-- ui.testsrequired -->
    </test> <!-- Default test -->
  </suite> <!-- Default suite -->
</testng-results>
